<?xml version="1.0" encoding="UTF-8" ?>
<testsuite failures="0" time="0" errors="0" skipped="0" tests="1" name="org.pv.AppTest">
  <properties>
    <property name="java.runtime.name" value="Java(TM) SE Runtime Environment"/>
    <property name="sun.boot.library.path" value="c:\bea1034\jdk160_21\jre\bin"/>
    <property name="java.vm.version" value="17.0-b17"/>
    <property name="java.vm.vendor" value="Sun Microsystems Inc."/>
    <property name="java.vendor.url" value="http://java.sun.com/"/>
    <property name="path.separator" value=";"/>
    <property name="guice.disable.misplaced.annotation.check" value="true"/>
    <property name="java.vm.name" value="Java HotSpot(TM) Client VM"/>
    <property name="file.encoding.pkg" value="sun.io"/>
    <property name="user.country" value="US"/>
    <property name="sun.java.launcher" value="SUN_STANDARD"/>
    <property name="sun.os.patch.level" value="Service Pack 1"/>
    <property name="java.vm.specification.name" value="Java Virtual Machine Specification"/>
    <property name="user.dir" value="c:\Projects\eclipse_workspace\maven-process-test"/>
    <property name="java.runtime.version" value="1.6.0_21-b51"/>
    <property name="java.awt.graphicsenv" value="sun.awt.Win32GraphicsEnvironment"/>
    <property name="java.endorsed.dirs" value="c:\bea1034\jdk160_21\jre\lib\endorsed"/>
    <property name="os.arch" value="x86"/>
    <property name="java.io.tmpdir" value="C:\Users\E725PS\AppData\Local\Temp\1\"/>
    <property name="line.separator" value="
"/>
    <property name="java.vm.specification.vendor" value="Sun Microsystems Inc."/>
    <property name="user.variant" value=""/>
    <property name="os.name" value="Windows 7"/>
    <property name="classworlds.conf" value="c:/ext_libs/apache-maven-3.2.1/bin/m2.conf"/>
    <property name="sun.jnu.encoding" value="Cp1252"/>
    <property name="java.library.path" value="c:\bea1034\jdk160_21\bin;.;C:\Windows\Sun\Java\bin;C:\Windows\system32;C:\Windows;r:\bin;.;C:\Program Files (x86)\Git\local\bin;C:\Program Files (x86)\Git\mingw\bin;C:\Program Files (x86)\Git\bin;c:\Program Files (x86)\Business Objects\Common\3.5\bin\NOTES\;c:\Program Files (x86)\Business Objects\Common\3.5\bin\NOTES\DATA\;c:\Program Files (x86)\IBM\RationalSDLC\common;c:\Windows\system32;c:\Windows;c:\Windows\System32\Wbem;c:\Windows\System32\WindowsPowerShell\v1.0\;c:\Program Files (x86)\IBM\gsk8\lib;c:\Program Files (x86)\IBM\gsk8\bin;c:\Program Files (x86)\IBM\RationalSDLC\ClearCase\bin;c:\bea1034\jdk160_21\bin;c:\ext_libs\apache-maven-3.2.1\bin;c:\Windows\SysWOW64\;c:\Windows\SysWOW64\Wbem;c:\Windows\SysWOW64\WindowsPowerShell\v1.0;c:\Program Files (x86)\AdminStudio\10.0\Common;c:\CYGWIN\BIN;c:\Program Files\TortoiseGit\bin;c:\Program Files (x86)\Common Files\Citrix\System32\;c:\Program Files (x86)\Citrix\ICAService\;c:\Program Files (x86)\Citrix\System32\;C:\Program Files (x86)\Git\cmd"/>
    <property name="java.specification.name" value="Java Platform API Specification"/>
    <property name="java.class.version" value="50.0"/>
    <property name="java.net.preferIPv4Stack" value="true"/>
    <property name="sun.management.compiler" value="HotSpot Client Compiler"/>
    <property name="os.version" value="6.1"/>
    <property name="user.home" value="C:\Users\E725PS"/>
    <property name="user.timezone" value="America/Chicago"/>
    <property name="java.awt.printerjob" value="sun.awt.windows.WPrinterJob"/>
    <property name="java.specification.version" value="1.6"/>
    <property name="file.encoding" value="Cp1252"/>
    <property name="user.name" value="e725ps"/>
    <property name="java.class.path" value="c:/ext_libs/apache-maven-3.2.1/boot/plexus-classworlds-2.5.1.jar"/>
    <property name="org.slf4j.simpleLogger.defaultLogLevel" value="info"/>
    <property name="java.vm.specification.version" value="1.0"/>
    <property name="sun.arch.data.model" value="32"/>
    <property name="java.home" value="c:\bea1034\jdk160_21\jre"/>
    <property name="java.specification.vendor" value="Sun Microsystems Inc."/>
    <property name="user.language" value="en"/>
    <property name="awt.toolkit" value="sun.awt.windows.WToolkit"/>
    <property name="java.vm.info" value="mixed mode"/>
    <property name="java.version" value="1.6.0_21"/>
    <property name="java.ext.dirs" value="c:\bea1034\jdk160_21\jre\lib\ext;C:\Windows\Sun\Java\lib\ext"/>
    <property name="sun.boot.class.path" value="c:\bea1034\jdk160_21\jre\lib\resources.jar;c:\bea1034\jdk160_21\jre\lib\rt.jar;c:\bea1034\jdk160_21\jre\lib\sunrsasign.jar;c:\bea1034\jdk160_21\jre\lib\jsse.jar;c:\bea1034\jdk160_21\jre\lib\jce.jar;c:\bea1034\jdk160_21\jre\lib\charsets.jar;c:\bea1034\jdk160_21\jre\classes"/>
    <property name="java.vendor" value="Sun Microsystems Inc."/>
    <property name="maven.home" value="c:\ext_libs\apache-maven-3.2.1"/>
    <property name="file.separator" value="\"/>
    <property name="java.vendor.url.bug" value="http://java.sun.com/cgi-bin/bugreport.cgi"/>
    <property name="sun.cpu.endian" value="little"/>
    <property name="sun.io.unicode.encoding" value="UnicodeLittle"/>
    <property name="sun.desktop" value="windows"/>
    <property name="sun.cpu.isalist" value="pentium_pro+mmx pentium_pro pentium+mmx pentium i486 i386 i86"/>
  </properties>
  <testcase time="0" classname="org.pv.AppTest" name="testApp"/>
</testsuite>